<?xml version="1.0" encoding="UTF-8"?>
<!-- Generated by org.testng.reporters.JUnitReportReporter -->
<testsuite hostname="abdelrahman" failures="0" tests="2" name="Tests.autoComplete" time="10.756" errors="0" timestamp="2024-02-09T16:52:44 EET" skipped="0">
  <testcase classname="Tests.autoComplete" name="confirmRelevantData" time="2.224"/>
  <system-out/>
  <testcase classname="Tests.autoComplete" name="moveToSuggestions" time="8.532"/>
  <system-out/>
</testsuite> <!-- Tests.autoComplete -->
