<?xml version="1.0" encoding="UTF-8"?>
<!-- Generated by org.testng.reporters.JUnitReportReporter -->
<testsuite hostname="abdelrahman" failures="0" tests="2" name="Tests.search" time="8.540" errors="0" timestamp="2024-02-09T16:50:45 EET" skipped="0">
  <testcase classname="Tests.search" name="basicSearch" time="6.242"/>
  <system-out/>
  <testcase classname="Tests.search" name="emptySearch" time="2.298"/>
  <system-out/>
</testsuite> <!-- Tests.search -->
