<?xml version="1.0" encoding="UTF-8"?>
<!-- Generated by org.testng.reporters.JUnitReportReporter -->
<testsuite hostname="abdelrahman" failures="0" tests="2" name="Tests.basicSearch" time="5.176" errors="0" timestamp="2024-02-09T15:54:57 EET" skipped="0">
  <testcase classname="Tests.basicSearch" name="search" time="3.029"/>
  <system-out/>
  <testcase classname="Tests.basicSearch" name="emptySearch" time="2.147"/>
  <system-out/>
</testsuite> <!-- Tests.basicSearch -->
